<?xml version="1.0" encoding="UTF-8"?>
<!-- Generated by org.testng.reporters.JUnitReportReporter -->
<testsuite hostname="DESKTOP-B6NN9JJ" failures="0" tests="1" name="mandatoryHomeWork.foundation.RestApi.Mocking_06_08_2023.MockRecording" time="1.747" errors="0" timestamp="2023-08-06T23:20:27 IST" skipped="0">
  <testcase classname="mandatoryHomeWork.foundation.RestApi.Mocking_06_08_2023.MockRecording" name="record" time="1.747"/>
  <system-out/>
</testsuite> <!-- mandatoryHomeWork.foundation.RestApi.Mocking_06_08_2023.MockRecording -->
