<?xml version="1.0" encoding="UTF-8"?>
<!-- Generated by org.testng.reporters.JUnitReportReporter -->
<testsuite hostname="DESKTOP-B6NN9JJ" failures="0" tests="1" name="mandatoryHomeWork.foundation.RestApi.Mocking_06_08_2023.DeleteBooking_Restful_Booking" time="4.787" errors="0" timestamp="2023-08-14T21:27:22 IST" skipped="0">
  <testcase classname="mandatoryHomeWork.foundation.RestApi.Mocking_06_08_2023.DeleteBooking_Restful_Booking" name="deleteBooking" time="4.787"/>
</testsuite> <!-- mandatoryHomeWork.foundation.RestApi.Mocking_06_08_2023.DeleteBooking_Restful_Booking -->
