<?xml version="1.0" encoding="UTF-8"?>
<!-- Generated by org.testng.reporters.JUnitReportReporter -->
<testsuite hostname="DESKTOP-B6NN9JJ" failures="0" tests="1" name="mandatoryHomeWork.foundation.RedoDailyConnect.Channing_Restful_Booking" time="4.002" errors="0" timestamp="2023-08-14T10:51:22 IST" skipped="0">
  <testcase classname="mandatoryHomeWork.foundation.RedoDailyConnect.Channing_Restful_Booking" name="restfulBooking" time="4.002"/>
  <system-out/>
</testsuite> <!-- mandatoryHomeWork.foundation.RedoDailyConnect.Channing_Restful_Booking -->
