<?xml version="1.0" encoding="UTF-8"?>
<!-- Generated by org.testng.reporters.JUnitReportReporter -->
<testsuite hostname="DESKTOP-B6NN9JJ" failures="0" tests="1" name="mandatoryHomeWork.foundation.RestApi.Mocking_06_08_2023.CreateStub" time="1.179" errors="0" timestamp="2023-08-06T21:19:56 IST" skipped="0">
  <testcase classname="mandatoryHomeWork.foundation.RestApi.Mocking_06_08_2023.CreateStub" name="create" time="1.179"/>
  <system-out/>
</testsuite> <!-- mandatoryHomeWork.foundation.RestApi.Mocking_06_08_2023.CreateStub -->
