<?xml version="1.0" encoding="UTF-8"?>
<!-- Generated by org.testng.reporters.JUnitReportReporter -->
<testsuite hostname="DESKTOP-B6NN9JJ" failures="0" tests="1" name="mandatoryHomeWork.foundation.RestApi.Mocking_06_08_2023.UpdateBooking_Restful_Booking" time="3.211" errors="0" timestamp="2023-08-14T20:57:03 IST" skipped="0">
  <testcase classname="mandatoryHomeWork.foundation.RestApi.Mocking_06_08_2023.UpdateBooking_Restful_Booking" name="updateBooking" time="3.211"/>
</testsuite> <!-- mandatoryHomeWork.foundation.RestApi.Mocking_06_08_2023.UpdateBooking_Restful_Booking -->
